<?xml version="1.0" encoding="UTF-8"?>
<!-- Generated by org.testng.reporters.JUnitXMLReporter -->
<testsuite ignored="0" hostname="DESKTOP-ALJ1I0Q" failures="0" tests="2" name="Default test" time="20.241" errors="0" timestamp="2020-07-02T18:37:33 EDT">
  <testcase classname="com.phptravels.qa.testcases.AdminAccountLoginPageTest" name="loginPageTitleTest" time="2.036"/>
  <testcase classname="com.phptravels.qa.testcases.AdminAccountLoginPageTest" name="loginTest" time="2.536"/>
</testsuite> <!-- Default test -->
