<?xml version="1.0" encoding="UTF-8"?>
<testsuite xmlns:xsi="http://www.w3.org/2001/XMLSchema-instance" xsi:noNamespaceSchemaLocation="https://maven.apache.org/surefire/maven-surefire-plugin/xsd/surefire-test-report.xsd" name="TestSuite" time="644.392" tests="36" errors="0" skipped="0" failures="5">
  <properties>
[...]
</properties>
  <testcase name="clickOnSuppliers" classname="com.phptravels.qa.testcases.AdminAccountHomePageTest" time="2.909"/>
  <testcase name="loginPageTitleTest" classname="com.phptravels.qa.testcases.AdminAccountHomePageTest" time="0.095"/>
  <testcase name="loginPageTitleTest" classname="com.phptravels.qa.testcases.AdminAccountHomeSuppliersPageTest" time="0.011"/>
  <testcase name="validateLogoImg" classname="com.phptravels.qa.testcases.AdminAccountHomeSuppliersPageTest" time="1.689"/>
  <testcase name="clickOnSuppliers" classname="com.phptravels.qa.testcases.AdminAccountHomeSuppliersPageTest" time="6.462"/>
  <testcase name="clickOnSuppliers" classname="com.phptravels.qa.testcases.AdminAccountHomeSuppliersPageTest" time="9.222"/>
  <testcase name="clickOnSuppliers" classname="com.phptravels.qa.testcases.AdminAccountHomeSuppliersPageTest" time="5.898"/>
  <testcase name="clickOnSuppliers" classname="com.phptravels.qa.testcases.AdminAccountHomeSuppliersPageTest" time="8.893"/>
  <testcase name="clickOnSuppliers" classname="com.phptravels.qa.testcases.AdminAccountHomeSuppliersPageTest" time="9.772"/>
  <testcase name="clickOnSuppliers" classname="com.phptravels.qa.testcases.AdminAccountHomeSuppliersPageTest" time="5.492"/>
  <testcase name="clickOnSuppliers" classname="com.phptravels.qa.testcases.AdminAccountHomeSuppliersPageTest" time="5.688"/>
  <testcase name="clickOnSuppliers" classname="com.phptravels.qa.testcases.AdminAccountHomeSuppliersPageTest" time="5.946"/>
  <testcase name="clickOnSuppliers" classname="com.phptravels.qa.testcases.AdminAccountHomeSuppliersPageTest" time="11.727"/>
  <testcase name="clickOnSuppliers" classname="com.phptravels.qa.testcases.AdminAccountHomeSuppliersPageTest" time="9.429"/>
  <testcase name="clickOnSuppliers" classname="com.phptravels.qa.testcases.AdminAccountHomeSuppliersPageTest" time="10.278"/>
  <testcase name="loginPageTitleTest" classname="com.phptravels.qa.testcases.AdminAccountLoginPageTest" time="9.851"/>
  <testcase name="loginTest" classname="com.phptravels.qa.testcases.AdminAccountLoginPageTest" time="3.466"/>
  <testcase name="chooseCurrency" classname="com.phptravels.qa.testcases.HomePageFrontUserHomePageTest" time="3.919"/>
  <testcase name="chooseLanguage" classname="com.phptravels.qa.testcases.HomePageFrontUserHomePageTest" time="45.419">
    <failure message="no such element: Unable to locate element: {&quot;method&quot;:&quot;xpath&quot;,&quot;selector&quot;:&quot;//h2[@class=&apos;float-none&apos; and contains(text(),&apos;Nouvelles du blog&apos;)]&quot;}&#10;  (Session info: chrome=83.0.4103.116)&#10;For documentation on this error, please visit: https://www.seleniumhq.org/exceptions/no_such_element.html&#10;Build info: version: &apos;3.141.59&apos;, revision: &apos;e82be7d358&apos;, time: &apos;2018-11-14T08:17:03&apos;&#10;System info: host: &apos;DESKTOP-ALJ1I0Q&apos;, ip: &apos;192.168.0.16&apos;, os.name: &apos;Windows 10&apos;, os.arch: &apos;amd64&apos;, os.version: &apos;10.0&apos;, java.version: &apos;11.0.7&apos;&#10;Driver info: org.openqa.selenium.chrome.ChromeDriver&#10;Capabilities {acceptInsecureCerts: false, browserName: chrome, browserVersion: 83.0.4103.116, chrome: {chromedriverVersion: 83.0.4103.39 (ccbf011cb2d2b..., userDataDir: C:\Users\Sharmistha\AppData...}, goog:chromeOptions: {debuggerAddress: localhost:54726}, javascriptEnabled: true, networkConnectionEnabled: false, pageLoadStrategy: normal, platform: WINDOWS, platformName: WINDOWS, proxy: Proxy(), setWindowRect: true, strictFileInteractability: false, timeouts: {implicit: 0, pageLoad: 300000, script: 30000}, unhandledPromptBehavior: dismiss and notify, webauthn:virtualAuthenticators: true}&#10;Session ID: d1effdd1908437fb74dc7380fa65753c&#10;*** Element info: {Using=xpath, value=//h2[@class=&apos;float-none&apos; and contains(text(),&apos;Nouvelles du blog&apos;)]}" type="org.openqa.selenium.NoSuchElementException">org.openqa.selenium.NoSuchElementException: 
no such element: Unable to locate element: {"method":"xpath","selector":"//h2[@class='float-none' and contains(text(),'Nouvelles du blog')]"}
  (Session info: chrome=83.0.4103.116)
For documentation on this error, please visit: https://www.seleniumhq.org/exceptions/no_such_element.html
Build info: version: '3.141.59', revision: 'e82be7d358', time: '2018-11-14T08:17:03'
System info: host: 'DESKTOP-ALJ1I0Q', ip: '192.168.0.16', os.name: 'Windows 10', os.arch: 'amd64', os.version: '10.0', java.version: '11.0.7'
Driver info: org.openqa.selenium.chrome.ChromeDriver
Capabilities {acceptInsecureCerts: false, browserName: chrome, browserVersion: 83.0.4103.116, chrome: {chromedriverVersion: 83.0.4103.39 (ccbf011cb2d2b..., userDataDir: C:\Users\Sharmistha\AppData...}, goog:chromeOptions: {debuggerAddress: localhost:54726}, javascriptEnabled: true, networkConnectionEnabled: false, pageLoadStrategy: normal, platform: WINDOWS, platformName: WINDOWS, proxy: Proxy(), setWindowRect: true, strictFileInteractability: false, timeouts: {implicit: 0, pageLoad: 300000, script: 30000}, unhandledPromptBehavior: dismiss and notify, webauthn:virtualAuthenticators: true}
Session ID: d1effdd1908437fb74dc7380fa65753c
*** Element info: {Using=xpath, value=//h2[@class='float-none' and contains(text(),'Nouvelles du blog')]}
	at com.phptravels.qa.testcases.HomePageFrontUserHomePageTest.chooseLanguage(HomePageFrontUserHomePageTest.java:64)
</failure>
    <system-out><![CDATA[Before navigating to: 'https://phptravels.com/demo/'
Navigated to:'https://phptravels.com/demo/'
Trying to find Element By : By.xpath: //div[@class='col-md-6']//a[@class='btn btn-primary btn-lg btn-block']//small[text()='http://www.phptravels.net']
Found Element By : By.xpath: //div[@class='col-md-6']//a[@class='btn btn-primary btn-lg btn-block']//small[text()='http://www.phptravels.net']
Trying to click on: [[ChromeDriver: chrome on WINDOWS (d1effdd1908437fb74dc7380fa65753c)] -> xpath: //div[@class='col-md-6']//a[@class='btn btn-primary btn-lg btn-block']//small[text()='http://www.phptravels.net']]
Clicked on: [[ChromeDriver: chrome on WINDOWS (d1effdd1908437fb74dc7380fa65753c)] -> xpath: //div[@class='col-md-6']//a[@class='btn btn-primary btn-lg btn-block']//small[text()='http://www.phptravels.net']]
Trying to find Element By : By.xpath: //ul//li/descendant::div[@class='dropdown dropdown-language']//a[@id='dropdownLangauge']
Found Element By : By.xpath: //ul//li/descendant::div[@class='dropdown dropdown-language']//a[@id='dropdownLangauge']
Trying to click on: [[ChromeDriver: chrome on WINDOWS (d1effdd1908437fb74dc7380fa65753c)] -> xpath: //ul//li/descendant::div[@class='dropdown dropdown-language']//a[@id='dropdownLangauge']]
Clicked on: [[ChromeDriver: chrome on WINDOWS (d1effdd1908437fb74dc7380fa65753c)] -> xpath: //ul//li/descendant::div[@class='dropdown dropdown-language']//a[@id='dropdownLangauge']]
Trying to find Element By : By.xpath: //ul//li/descendant::div[@class='dropdown-menu dropdown-menu-right show']//a
Found Element By : By.xpath: //ul//li/descendant::div[@class='dropdown-menu dropdown-menu-right show']//a
Trying to find Element By : By.xpath: //h2[@class='float-none' and contains(text(),'Nouvelles du blog')]
Exception occured: org.openqa.selenium.NoSuchElementException: no such element: Unable to locate element: {"method":"xpath","selector":"//h2[@class='float-none' and contains(text(),'Nouvelles du blog')]"}
  (Session info: chrome=83.0.4103.116)
For documentation on this error, please visit: https://www.seleniumhq.org/exceptions/no_such_element.html
Build info: version: '3.141.59', revision: 'e82be7d358', time: '2018-11-14T08:17:03'
System info: host: 'DESKTOP-ALJ1I0Q', ip: '192.168.0.16', os.name: 'Windows 10', os.arch: 'amd64', os.version: '10.0', java.version: '11.0.7'
Driver info: org.openqa.selenium.chrome.ChromeDriver
Capabilities {acceptInsecureCerts: false, browserName: chrome, browserVersion: 83.0.4103.116, chrome: {chromedriverVersion: 83.0.4103.39 (ccbf011cb2d2b..., userDataDir: C:\Users\Sharmistha\AppData...}, goog:chromeOptions: {debuggerAddress: localhost:54726}, javascriptEnabled: true, networkConnectionEnabled: false, pageLoadStrategy: normal, platform: WINDOWS, platformName: WINDOWS, proxy: Proxy(), setWindowRect: true, strictFileInteractability: false, timeouts: {implicit: 0, pageLoad: 300000, script: 30000}, unhandledPromptBehavior: dismiss and notify, webauthn:virtualAuthenticators: true}
Session ID: d1effdd1908437fb74dc7380fa65753c
*** Element info: {Using=xpath, value=//h2[@class='float-none' and contains(text(),'Nouvelles du blog')]}
]]></system-out>
    <system-err><![CDATA[Starting ChromeDriver 83.0.4103.39 (ccbf011cb2d2b19b506d844400483861342c20cd-refs/branch-heads/4103@{#416}) on port 19122
Only local connections are allowed.
Please see https://chromedriver.chromium.org/security-considerations for suggestions on keeping ChromeDriver safe.
ChromeDriver was started successfully.
Jul. 22, 2020 4:38:34 P.M. org.openqa.selenium.remote.ProtocolHandshake createSession
INFO: Detected dialect: W3C
]]></system-err>
  </testcase>
  <testcase name="fillOutTheForm" classname="com.phptravels.qa.testcases.HomePageFrontUserHomePageTest" time="22.676">
    <failure message="no such element: Unable to locate element: {&quot;method&quot;:&quot;xpath&quot;,&quot;selector&quot;:&quot;//div[@id=&apos;s2id_autogen10&apos;]//a[@class=&apos;select2-choice&apos;]//span[text()=&apos;Search by Hotel or City Name&apos;]&quot;}&#10;  (Session info: chrome=83.0.4103.116)&#10;For documentation on this error, please visit: https://www.seleniumhq.org/exceptions/no_such_element.html&#10;Build info: version: &apos;3.141.59&apos;, revision: &apos;e82be7d358&apos;, time: &apos;2018-11-14T08:17:03&apos;&#10;System info: host: &apos;DESKTOP-ALJ1I0Q&apos;, ip: &apos;192.168.0.16&apos;, os.name: &apos;Windows 10&apos;, os.arch: &apos;amd64&apos;, os.version: &apos;10.0&apos;, java.version: &apos;11.0.7&apos;&#10;Driver info: org.openqa.selenium.chrome.ChromeDriver&#10;Capabilities {acceptInsecureCerts: false, browserName: chrome, browserVersion: 83.0.4103.116, chrome: {chromedriverVersion: 83.0.4103.39 (ccbf011cb2d2b..., userDataDir: C:\Users\Sharmistha\AppData...}, goog:chromeOptions: {debuggerAddress: localhost:54825}, javascriptEnabled: true, networkConnectionEnabled: false, pageLoadStrategy: normal, platform: WINDOWS, platformName: WINDOWS, proxy: Proxy(), setWindowRect: true, strictFileInteractability: false, timeouts: {implicit: 0, pageLoad: 300000, script: 30000}, unhandledPromptBehavior: dismiss and notify, webauthn:virtualAuthenticators: true}&#10;Session ID: 47d830292969088abfc63ebc097a2da3&#10;*** Element info: {Using=xpath, value=//div[@id=&apos;s2id_autogen10&apos;]//a[@class=&apos;select2-choice&apos;]//span[text()=&apos;Search by Hotel or City Name&apos;]}" type="org.openqa.selenium.NoSuchElementException">org.openqa.selenium.NoSuchElementException: 
no such element: Unable to locate element: {"method":"xpath","selector":"//div[@id='s2id_autogen10']//a[@class='select2-choice']//span[text()='Search by Hotel or City Name']"}
  (Session info: chrome=83.0.4103.116)
For documentation on this error, please visit: https://www.seleniumhq.org/exceptions/no_such_element.html
Build info: version: '3.141.59', revision: 'e82be7d358', time: '2018-11-14T08:17:03'
System info: host: 'DESKTOP-ALJ1I0Q', ip: '192.168.0.16', os.name: 'Windows 10', os.arch: 'amd64', os.version: '10.0', java.version: '11.0.7'
Driver info: org.openqa.selenium.chrome.ChromeDriver
Capabilities {acceptInsecureCerts: false, browserName: chrome, browserVersion: 83.0.4103.116, chrome: {chromedriverVersion: 83.0.4103.39 (ccbf011cb2d2b..., userDataDir: C:\Users\Sharmistha\AppData...}, goog:chromeOptions: {debuggerAddress: localhost:54825}, javascriptEnabled: true, networkConnectionEnabled: false, pageLoadStrategy: normal, platform: WINDOWS, platformName: WINDOWS, proxy: Proxy(), setWindowRect: true, strictFileInteractability: false, timeouts: {implicit: 0, pageLoad: 300000, script: 30000}, unhandledPromptBehavior: dismiss and notify, webauthn:virtualAuthenticators: true}
Session ID: 47d830292969088abfc63ebc097a2da3
*** Element info: {Using=xpath, value=//div[@id='s2id_autogen10']//a[@class='select2-choice']//span[text()='Search by Hotel or City Name']}
	at com.phptravels.qa.testcases.HomePageFrontUserHomePageTest.fillOutTheForm(HomePageFrontUserHomePageTest.java:70)
</failure>
    <system-out><![CDATA[Before navigating to: 'https://phptravels.com/demo/'
Navigated to:'https://phptravels.com/demo/'
Trying to find Element By : By.xpath: //div[@class='col-md-6']//a[@class='btn btn-primary btn-lg btn-block']//small[text()='http://www.phptravels.net']
Found Element By : By.xpath: //div[@class='col-md-6']//a[@class='btn btn-primary btn-lg btn-block']//small[text()='http://www.phptravels.net']
Trying to click on: [[ChromeDriver: chrome on WINDOWS (47d830292969088abfc63ebc097a2da3)] -> xpath: //div[@class='col-md-6']//a[@class='btn btn-primary btn-lg btn-block']//small[text()='http://www.phptravels.net']]
Clicked on: [[ChromeDriver: chrome on WINDOWS (47d830292969088abfc63ebc097a2da3)] -> xpath: //div[@class='col-md-6']//a[@class='btn btn-primary btn-lg btn-block']//small[text()='http://www.phptravels.net']]
Trying to find Element By : By.xpath: //div[@id='s2id_autogen10']//a[@class='select2-choice']//span[text()='Search by Hotel or City Name']
Exception occured: org.openqa.selenium.NoSuchElementException: no such element: Unable to locate element: {"method":"xpath","selector":"//div[@id='s2id_autogen10']//a[@class='select2-choice']//span[text()='Search by Hotel or City Name']"}
  (Session info: chrome=83.0.4103.116)
For documentation on this error, please visit: https://www.seleniumhq.org/exceptions/no_such_element.html
Build info: version: '3.141.59', revision: 'e82be7d358', time: '2018-11-14T08:17:03'
System info: host: 'DESKTOP-ALJ1I0Q', ip: '192.168.0.16', os.name: 'Windows 10', os.arch: 'amd64', os.version: '10.0', java.version: '11.0.7'
Driver info: org.openqa.selenium.chrome.ChromeDriver
Capabilities {acceptInsecureCerts: false, browserName: chrome, browserVersion: 83.0.4103.116, chrome: {chromedriverVersion: 83.0.4103.39 (ccbf011cb2d2b..., userDataDir: C:\Users\Sharmistha\AppData...}, goog:chromeOptions: {debuggerAddress: localhost:54825}, javascriptEnabled: true, networkConnectionEnabled: false, pageLoadStrategy: normal, platform: WINDOWS, platformName: WINDOWS, proxy: Proxy(), setWindowRect: true, strictFileInteractability: false, timeouts: {implicit: 0, pageLoad: 300000, script: 30000}, unhandledPromptBehavior: dismiss and notify, webauthn:virtualAuthenticators: true}
Session ID: 47d830292969088abfc63ebc097a2da3
*** Element info: {Using=xpath, value=//div[@id='s2id_autogen10']//a[@class='select2-choice']//span[text()='Search by Hotel or City Name']}
]]></system-out>
    <system-err><![CDATA[Starting ChromeDriver 83.0.4103.39 (ccbf011cb2d2b19b506d844400483861342c20cd-refs/branch-heads/4103@{#416}) on port 28817
Only local connections are allowed.
Please see https://chromedriver.chromium.org/security-considerations for suggestions on keeping ChromeDriver safe.
ChromeDriver was started successfully.
Jul. 22, 2020 4:39:28 P.M. org.openqa.selenium.remote.ProtocolHandshake createSession
INFO: Detected dialect: W3C
]]></system-err>
  </testcase>
  <testcase name="validateImgLogo" classname="com.phptravels.qa.testcases.HomePageFrontUserHomePageTest" time="3.128">
    <failure message="expected [true] but found [false]" type="java.lang.AssertionError">java.lang.AssertionError: expected [true] but found [false]
	at com.phptravels.qa.testcases.HomePageFrontUserHomePageTest.validateImgLogo(HomePageFrontUserHomePageTest.java:44)
</failure>
    <system-out><![CDATA[Before navigating to: 'https://phptravels.com/demo/'
Navigated to:'https://phptravels.com/demo/'
Trying to find Element By : By.xpath: //div[@class='col-md-6']//a[@class='btn btn-primary btn-lg btn-block']//small[text()='http://www.phptravels.net']
Found Element By : By.xpath: //div[@class='col-md-6']//a[@class='btn btn-primary btn-lg btn-block']//small[text()='http://www.phptravels.net']
Trying to click on: [[ChromeDriver: chrome on WINDOWS (a775338d0658f029ae7c32c3460bdbda)] -> xpath: //div[@class='col-md-6']//a[@class='btn btn-primary btn-lg btn-block']//small[text()='http://www.phptravels.net']]
Clicked on: [[ChromeDriver: chrome on WINDOWS (a775338d0658f029ae7c32c3460bdbda)] -> xpath: //div[@class='col-md-6']//a[@class='btn btn-primary btn-lg btn-block']//small[text()='http://www.phptravels.net']]
Trying to find Element By : By.xpath: //div[@class='col-md-4 col-2 o2']//div//a//img
Found Element By : By.xpath: //div[@class='col-md-4 col-2 o2']//div//a//img
]]></system-out>
    <system-err><![CDATA[Starting ChromeDriver 83.0.4103.39 (ccbf011cb2d2b19b506d844400483861342c20cd-refs/branch-heads/4103@{#416}) on port 37131
Only local connections are allowed.
Please see https://chromedriver.chromium.org/security-considerations for suggestions on keeping ChromeDriver safe.
ChromeDriver was started successfully.
Jul. 22, 2020 4:40:00 P.M. org.openqa.selenium.remote.ProtocolHandshake createSession
INFO: Detected dialect: W3C
]]></system-err>
  </testcase>
  <testcase name="validateLoginPage" classname="com.phptravels.qa.testcases.HomePageFrontUserHomePageTest" time="24.243">
    <failure message="no such element: Unable to locate element: {&quot;method&quot;:&quot;xpath&quot;,&quot;selector&quot;:&quot;//div[@class=&apos;dropdown-menu dropdown-menu-right show&apos;]//a[text()=&apos;Login&apos;]&quot;}&#10;  (Session info: chrome=83.0.4103.116)&#10;For documentation on this error, please visit: https://www.seleniumhq.org/exceptions/no_such_element.html&#10;Build info: version: &apos;3.141.59&apos;, revision: &apos;e82be7d358&apos;, time: &apos;2018-11-14T08:17:03&apos;&#10;System info: host: &apos;DESKTOP-ALJ1I0Q&apos;, ip: &apos;192.168.0.16&apos;, os.name: &apos;Windows 10&apos;, os.arch: &apos;amd64&apos;, os.version: &apos;10.0&apos;, java.version: &apos;11.0.7&apos;&#10;Driver info: org.openqa.selenium.chrome.ChromeDriver&#10;Capabilities {acceptInsecureCerts: false, browserName: chrome, browserVersion: 83.0.4103.116, chrome: {chromedriverVersion: 83.0.4103.39 (ccbf011cb2d2b..., userDataDir: C:\Users\Sharmistha\AppData...}, goog:chromeOptions: {debuggerAddress: localhost:54901}, javascriptEnabled: true, networkConnectionEnabled: false, pageLoadStrategy: normal, platform: WINDOWS, platformName: WINDOWS, proxy: Proxy(), setWindowRect: true, strictFileInteractability: false, timeouts: {implicit: 0, pageLoad: 300000, script: 30000}, unhandledPromptBehavior: dismiss and notify, webauthn:virtualAuthenticators: true}&#10;Session ID: 95e61ef4a58c0eb088500c5a36dd12b4&#10;*** Element info: {Using=xpath, value=//div[@class=&apos;dropdown-menu dropdown-menu-right show&apos;]//a[text()=&apos;Login&apos;]}" type="org.openqa.selenium.NoSuchElementException">org.openqa.selenium.NoSuchElementException: 
no such element: Unable to locate element: {"method":"xpath","selector":"//div[@class='dropdown-menu dropdown-menu-right show']//a[text()='Login']"}
  (Session info: chrome=83.0.4103.116)
For documentation on this error, please visit: https://www.seleniumhq.org/exceptions/no_such_element.html
Build info: version: '3.141.59', revision: 'e82be7d358', time: '2018-11-14T08:17:03'
System info: host: 'DESKTOP-ALJ1I0Q', ip: '192.168.0.16', os.name: 'Windows 10', os.arch: 'amd64', os.version: '10.0', java.version: '11.0.7'
Driver info: org.openqa.selenium.chrome.ChromeDriver
Capabilities {acceptInsecureCerts: false, browserName: chrome, browserVersion: 83.0.4103.116, chrome: {chromedriverVersion: 83.0.4103.39 (ccbf011cb2d2b..., userDataDir: C:\Users\Sharmistha\AppData...}, goog:chromeOptions: {debuggerAddress: localhost:54901}, javascriptEnabled: true, networkConnectionEnabled: false, pageLoadStrategy: normal, platform: WINDOWS, platformName: WINDOWS, proxy: Proxy(), setWindowRect: true, strictFileInteractability: false, timeouts: {implicit: 0, pageLoad: 300000, script: 30000}, unhandledPromptBehavior: dismiss and notify, webauthn:virtualAuthenticators: true}
Session ID: 95e61ef4a58c0eb088500c5a36dd12b4
*** Element info: {Using=xpath, value=//div[@class='dropdown-menu dropdown-menu-right show']//a[text()='Login']}
	at com.phptravels.qa.testcases.HomePageFrontUserHomePageTest.validateLoginPage(HomePageFrontUserHomePageTest.java:49)
</failure>
    <system-out><![CDATA[Before navigating to: 'https://phptravels.com/demo/'
Navigated to:'https://phptravels.com/demo/'
Trying to find Element By : By.xpath: //div[@class='col-md-6']//a[@class='btn btn-primary btn-lg btn-block']//small[text()='http://www.phptravels.net']
Found Element By : By.xpath: //div[@class='col-md-6']//a[@class='btn btn-primary btn-lg btn-block']//small[text()='http://www.phptravels.net']
Trying to click on: [[ChromeDriver: chrome on WINDOWS (95e61ef4a58c0eb088500c5a36dd12b4)] -> xpath: //div[@class='col-md-6']//a[@class='btn btn-primary btn-lg btn-block']//small[text()='http://www.phptravels.net']]
Clicked on: [[ChromeDriver: chrome on WINDOWS (95e61ef4a58c0eb088500c5a36dd12b4)] -> xpath: //div[@class='col-md-6']//a[@class='btn btn-primary btn-lg btn-block']//small[text()='http://www.phptravels.net']]
Trying to find Element By : By.xpath:  //ul//li/descendant::div[@class='dropdown dropdown-login dropdown-tab']
Found Element By : By.xpath:  //ul//li/descendant::div[@class='dropdown dropdown-login dropdown-tab']
Trying to click on: [[ChromeDriver: chrome on WINDOWS (95e61ef4a58c0eb088500c5a36dd12b4)] -> xpath:  //ul//li/descendant::div[@class='dropdown dropdown-login dropdown-tab']]
Clicked on: [[ChromeDriver: chrome on WINDOWS (95e61ef4a58c0eb088500c5a36dd12b4)] -> xpath:  //ul//li/descendant::div[@class='dropdown dropdown-login dropdown-tab']]
Trying to find Element By : By.xpath: //div[@class='dropdown-menu dropdown-menu-right show']//a[text()='Login']
Exception occured: org.openqa.selenium.NoSuchElementException: no such element: Unable to locate element: {"method":"xpath","selector":"//div[@class='dropdown-menu dropdown-menu-right show']//a[text()='Login']"}
  (Session info: chrome=83.0.4103.116)
For documentation on this error, please visit: https://www.seleniumhq.org/exceptions/no_such_element.html
Build info: version: '3.141.59', revision: 'e82be7d358', time: '2018-11-14T08:17:03'
System info: host: 'DESKTOP-ALJ1I0Q', ip: '192.168.0.16', os.name: 'Windows 10', os.arch: 'amd64', os.version: '10.0', java.version: '11.0.7'
Driver info: org.openqa.selenium.chrome.ChromeDriver
Capabilities {acceptInsecureCerts: false, browserName: chrome, browserVersion: 83.0.4103.116, chrome: {chromedriverVersion: 83.0.4103.39 (ccbf011cb2d2b..., userDataDir: C:\Users\Sharmistha\AppData...}, goog:chromeOptions: {debuggerAddress: localhost:54901}, javascriptEnabled: true, networkConnectionEnabled: false, pageLoadStrategy: normal, platform: WINDOWS, platformName: WINDOWS, proxy: Proxy(), setWindowRect: true, strictFileInteractability: false, timeouts: {implicit: 0, pageLoad: 300000, script: 30000}, unhandledPromptBehavior: dismiss and notify, webauthn:virtualAuthenticators: true}
Session ID: 95e61ef4a58c0eb088500c5a36dd12b4
*** Element info: {Using=xpath, value=//div[@class='dropdown-menu dropdown-menu-right show']//a[text()='Login']}
]]></system-out>
    <system-err><![CDATA[Starting ChromeDriver 83.0.4103.39 (ccbf011cb2d2b19b506d844400483861342c20cd-refs/branch-heads/4103@{#416}) on port 33225
Only local connections are allowed.
Please see https://chromedriver.chromium.org/security-considerations for suggestions on keeping ChromeDriver safe.
ChromeDriver was started successfully.
Jul. 22, 2020 4:40:13 P.M. org.openqa.selenium.remote.ProtocolHandshake createSession
INFO: Detected dialect: W3C
]]></system-err>
  </testcase>
  <testcase name="validatePageTitle" classname="com.phptravels.qa.testcases.HomePageFrontUserHomePageTest" time="2.048">
    <failure message="expected [PHPTRAVELS | Travel Technology Partner] but found [Loading...]" type="java.lang.AssertionError">java.lang.AssertionError: expected [PHPTRAVELS | Travel Technology Partner] but found [Loading...]
	at com.phptravels.qa.testcases.HomePageFrontUserHomePageTest.validatePageTitle(HomePageFrontUserHomePageTest.java:39)
</failure>
    <system-out><![CDATA[Before navigating to: 'https://phptravels.com/demo/'
Navigated to:'https://phptravels.com/demo/'
Trying to find Element By : By.xpath: //div[@class='col-md-6']//a[@class='btn btn-primary btn-lg btn-block']//small[text()='http://www.phptravels.net']
Found Element By : By.xpath: //div[@class='col-md-6']//a[@class='btn btn-primary btn-lg btn-block']//small[text()='http://www.phptravels.net']
Trying to click on: [[ChromeDriver: chrome on WINDOWS (80d2d2415cb4aff40c890ac13841e637)] -> xpath: //div[@class='col-md-6']//a[@class='btn btn-primary btn-lg btn-block']//small[text()='http://www.phptravels.net']]
Clicked on: [[ChromeDriver: chrome on WINDOWS (80d2d2415cb4aff40c890ac13841e637)] -> xpath: //div[@class='col-md-6']//a[@class='btn btn-primary btn-lg btn-block']//small[text()='http://www.phptravels.net']]
]]></system-out>
    <system-err><![CDATA[Starting ChromeDriver 83.0.4103.39 (ccbf011cb2d2b19b506d844400483861342c20cd-refs/branch-heads/4103@{#416}) on port 38454
Only local connections are allowed.
Please see https://chromedriver.chromium.org/security-considerations for suggestions on keeping ChromeDriver safe.
ChromeDriver was started successfully.
Jul. 22, 2020 4:40:45 P.M. org.openqa.selenium.remote.ProtocolHandshake createSession
INFO: Detected dialect: W3C
]]></system-err>
  </testcase>
  <testcase name="validateSignInPage" classname="com.phptravels.qa.testcases.HomePageFrontUserHomePageTest" time="7.325"/>
  <testcase name="loginPageTitleTest" classname="com.phptravels.qa.testcases.HomePageFrontUserLoginPageTest" time="0.05"/>
  <testcase name="validateLoginImgTest" classname="com.phptravels.qa.testcases.HomePageFrontUserLoginPageTest" time="0.049"/>
  <testcase name="loginTest" classname="com.phptravels.qa.testcases.HomePageFrontUserLoginPageTest" time="0.489"/>
  <testcase name="validateAdminAccountHomePage" classname="com.phptravels.qa.testcases.IndexPageTest" time="0.267"/>
  <testcase name="validateBlogLink" classname="com.phptravels.qa.testcases.IndexPageTest" time="0.071"/>
  <testcase name="validateCheckPricingLink" classname="com.phptravels.qa.testcases.IndexPageTest" time="0.061"/>
  <testcase name="validateDocsLink" classname="com.phptravels.qa.testcases.IndexPageTest" time="0.047"/>
  <testcase name="validateExploreDemoPage" classname="com.phptravels.qa.testcases.IndexPageTest" time="0.071"/>
  <testcase name="validateHomePageFrontUserHomePage" classname="com.phptravels.qa.testcases.IndexPageTest" time="0.185"/>
  <testcase name="validateLoginLink" classname="com.phptravels.qa.testcases.IndexPageTest" time="0.037"/>
  <testcase name="validateLogoLink" classname="com.phptravels.qa.testcases.IndexPageTest" time="5.057"/>
  <testcase name="indexPageTitleTest" classname="com.phptravels.qa.testcases.IndexPageTest" time="0.005"/>
</testsuite>