<?xml version="1.0" encoding="UTF-8"?>
<!-- Generated by org.testng.reporters.JUnitXMLReporter -->
<testsuite ignored="0" hostname="DESKTOP-ALJ1I0Q" failures="0" tests="16" name="PHP Travel Test Sanity" time="159.042" errors="0" timestamp="2020-06-25T18:13:01 EDT">
  <testcase classname="com.phptravels.qa.testcases.IndexPageTest" name="validateAdminAccountHomePage" time="0.201"/>
  <testcase classname="com.phptravels.qa.testcases.IndexPageTest" name="validateBlogLink" time="0.056"/>
  <testcase classname="com.phptravels.qa.testcases.IndexPageTest" name="validateCheckPricingLink" time="0.055"/>
  <testcase classname="com.phptravels.qa.testcases.IndexPageTest" name="validateDocsLink" time="0.058"/>
  <testcase classname="com.phptravels.qa.testcases.IndexPageTest" name="validateExploreDemoPage" time="0.041"/>
  <testcase classname="com.phptravels.qa.testcases.IndexPageTest" name="validateHomePageFrontUserHomePage" time="0.183"/>
  <testcase classname="com.phptravels.qa.testcases.IndexPageTest" name="validateLoginLink" time="0.056"/>
  <testcase classname="com.phptravels.qa.testcases.IndexPageTest" name="validateLogoLink" time="5.05"/>
  <testcase classname="com.phptravels.qa.testcases.IndexPageTest" name="indexPageTitleTest" time="0.008"/>
  <testcase classname="com.phptravels.qa.testcases.HomePageFrontUserHomePageTest" name="chooseCurrency" time="4.002"/>
  <testcase classname="com.phptravels.qa.testcases.HomePageFrontUserHomePageTest" name="chooseLanguage" time="6.087"/>
  <testcase classname="com.phptravels.qa.testcases.HomePageFrontUserHomePageTest" name="fillOutTheForm" time="5.328"/>
  <testcase classname="com.phptravels.qa.testcases.HomePageFrontUserHomePageTest" name="validateImgLogo" time="2.719"/>
  <testcase classname="com.phptravels.qa.testcases.HomePageFrontUserHomePageTest" name="validateLoginPage" time="4.141"/>
  <testcase classname="com.phptravels.qa.testcases.HomePageFrontUserHomePageTest" name="validatePageTitle" time="4.588"/>
  <testcase classname="com.phptravels.qa.testcases.HomePageFrontUserHomePageTest" name="validateSignInPage" time="4.276"/>
</testsuite> <!-- PHP Travel Test Sanity -->
