<?xml version="1.0" encoding="UTF-8"?>
<!-- Generated by org.testng.reporters.JUnitXMLReporter -->
<testsuite ignored="0" hostname="DESKTOP-ALJ1I0Q" failures="0" tests="36" name="PHP Travel Test Regression" time="460.81" errors="0" timestamp="2020-07-03T20:03:41 EDT">
  <testcase classname="com.phptravels.qa.testcases.IndexPageTest" name="validateAdminAccountHomePage" time="0.186"/>
  <testcase classname="com.phptravels.qa.testcases.IndexPageTest" name="validateBlogLink" time="0.065"/>
  <testcase classname="com.phptravels.qa.testcases.IndexPageTest" name="validateCheckPricingLink" time="0.046"/>
  <testcase classname="com.phptravels.qa.testcases.IndexPageTest" name="validateDocsLink" time="0.037"/>
  <testcase classname="com.phptravels.qa.testcases.IndexPageTest" name="validateExploreDemoPage" time="0.033"/>
  <testcase classname="com.phptravels.qa.testcases.IndexPageTest" name="validateHomePageFrontUserHomePage" time="0.148"/>
  <testcase classname="com.phptravels.qa.testcases.IndexPageTest" name="validateLoginLink" time="0.033"/>
  <testcase classname="com.phptravels.qa.testcases.IndexPageTest" name="validateLogoLink" time="5.039"/>
  <testcase classname="com.phptravels.qa.testcases.IndexPageTest" name="indexPageTitleTest" time="0.01"/>
  <testcase classname="com.phptravels.qa.testcases.HomePageFrontUserHomePageTest" name="chooseCurrency" time="2.89"/>
  <testcase classname="com.phptravels.qa.testcases.HomePageFrontUserHomePageTest" name="chooseLanguage" time="4.543"/>
  <testcase classname="com.phptravels.qa.testcases.HomePageFrontUserHomePageTest" name="fillOutTheForm" time="5.015"/>
  <testcase classname="com.phptravels.qa.testcases.HomePageFrontUserHomePageTest" name="validateImgLogo" time="2.296"/>
  <testcase classname="com.phptravels.qa.testcases.HomePageFrontUserHomePageTest" name="validateLoginPage" time="3.757"/>
  <testcase classname="com.phptravels.qa.testcases.HomePageFrontUserHomePageTest" name="validatePageTitle" time="2.796"/>
  <testcase classname="com.phptravels.qa.testcases.HomePageFrontUserHomePageTest" name="validateSignInPage" time="3.345"/>
  <testcase classname="com.phptravels.qa.testcases.HomePageFrontUserLoginPageTest" name="loginPageTitleTest" time="0.006"/>
  <testcase classname="com.phptravels.qa.testcases.HomePageFrontUserLoginPageTest" name="validateLoginImgTest" time="0.031"/>
  <testcase classname="com.phptravels.qa.testcases.HomePageFrontUserLoginPageTest" name="loginTest" time="0.31"/>
  <testcase classname="com.phptravels.qa.testcases.AdminAccountLoginPageTest" name="loginPageTitleTest" time="2.053"/>
  <testcase classname="com.phptravels.qa.testcases.AdminAccountLoginPageTest" name="loginTest" time="2.298"/>
  <testcase classname="com.phptravels.qa.testcases.AdminAccountHomePageTest" name="clickOnSuppliers" time="3.073"/>
  <testcase classname="com.phptravels.qa.testcases.AdminAccountHomePageTest" name="loginPageTitleTest" time="0.016"/>
  <testcase classname="com.phptravels.qa.testcases.AdminAccountHomeSuppliersPageTest" name="loginPageTitleTest" time="0.004"/>
  <testcase classname="com.phptravels.qa.testcases.AdminAccountHomeSuppliersPageTest" name="validateLogoImg" time="1.692"/>
  <testcase classname="com.phptravels.qa.testcases.AdminAccountHomeSuppliersPageTest" name="clickOnSuppliers" time="4.955"/>
  <testcase classname="com.phptravels.qa.testcases.AdminAccountHomeSuppliersPageTest" name="clickOnSuppliers" time="7.307"/>
  <testcase classname="com.phptravels.qa.testcases.AdminAccountHomeSuppliersPageTest" name="clickOnSuppliers" time="7.352"/>
  <testcase classname="com.phptravels.qa.testcases.AdminAccountHomeSuppliersPageTest" name="clickOnSuppliers" time="4.799"/>
  <testcase classname="com.phptravels.qa.testcases.AdminAccountHomeSuppliersPageTest" name="clickOnSuppliers" time="7.075"/>
  <testcase classname="com.phptravels.qa.testcases.AdminAccountHomeSuppliersPageTest" name="clickOnSuppliers" time="6.258"/>
  <testcase classname="com.phptravels.qa.testcases.AdminAccountHomeSuppliersPageTest" name="clickOnSuppliers" time="4.928"/>
  <testcase classname="com.phptravels.qa.testcases.AdminAccountHomeSuppliersPageTest" name="clickOnSuppliers" time="4.753"/>
  <testcase classname="com.phptravels.qa.testcases.AdminAccountHomeSuppliersPageTest" name="clickOnSuppliers" time="7.307"/>
  <testcase classname="com.phptravels.qa.testcases.AdminAccountHomeSuppliersPageTest" name="clickOnSuppliers" time="7.13"/>
  <testcase classname="com.phptravels.qa.testcases.AdminAccountHomeSuppliersPageTest" name="clickOnSuppliers" time="7.158"/>
</testsuite> <!-- PHP Travel Test Regression -->
